<?xml version="1.0" encoding="UTF-8"?>
<!-- Generated by org.testng.reporters.JUnitReportReporter -->
<testsuite hostname="LAPTOP-PHGS6EML" failures="0" tests="2" name="testsuite.ParallelTest" time="13.047" errors="0" timestamp="2021-04-27T23:13:50 IST" skipped="0">
  <testcase classname="testsuite.ParallelTest" name="FirefoxTest" time="9.190"/>
  <system-out/>
  <testcase classname="testsuite.ParallelTest" name="ChromeTest" time="3.857"/>
  <system-out/>
</testsuite> <!-- testsuite.ParallelTest -->
