<?xml version="1.0" encoding="UTF-8"?>
<!-- Generated by org.testng.reporters.JUnitReportReporter -->
<testsuite hostname="LAPTOP-PHGS6EML" failures="0" tests="2" name="testsuite.Testcase1" time="0.024" errors="0" timestamp="27 Apr 2021 03:24:30 GMT">
  <testcase classname="testsuite.Testcase1" name="test1" time="0.002"/>
  <testcase classname="testsuite.Testcase1" name="othertest" time="0.022"/>
</testsuite>
