<?xml version="1.0" encoding="UTF-8"?>
<!-- Generated by org.testng.reporters.JUnitReportReporter -->
<testsuite hostname="LAPTOP-PHGS6EML" failures="0" tests="1" name="testsuite.LoginTest" time="14.387" errors="0" timestamp="2021-04-28T19:28:32 IST" skipped="0">
  <testcase classname="testsuite.LoginTest" name="login" time="14.387"/>
  <system-out/>
</testsuite> <!-- testsuite.LoginTest -->
