<?xml version="1.0" encoding="UTF-8"?>
<!-- Generated by org.testng.reporters.JUnitReportReporter -->
<testsuite skipped="0" hostname="LAPTOP-PHGS6EML" name="testsuite.LoginTest" tests="1" failures="0" timestamp="2021-04-28T20:33:33 IST" time="14.596" errors="0">
  <testcase name="login" time="14.596" classname="testsuite.LoginTest"/>
  <system-out/>
</testsuite> <!-- testsuite.LoginTest -->
