<?xml version="1.0" encoding="UTF-8"?>
<!-- Generated by org.testng.reporters.JUnitReportReporter -->
<testsuite hostname="LAPTOP-PHGS6EML" name="testsuite.Testcase1" tests="3" failures="0" timestamp="27 Apr 2021 10:28:28 GMT" time="0.003" errors="0">
  <testcase name="test2" time="0.002" classname="testsuite.Testcase1"/>
  <testcase name="test1" time="0.000" classname="testsuite.Testcase1"/>
  <testcase name="othertest" time="0.001" classname="testsuite.Testcase1"/>
</testsuite>
