<?xml version="1.0" encoding="UTF-8"?>
<!-- Generated by org.testng.reporters.JUnitReportReporter -->
<testsuite hostname="LAPTOP-PHGS6EML" name="testsuite.Testcase2" tests="2" failures="0" timestamp="27 Apr 2021 10:28:28 GMT" time="0.002" errors="0">
  <testcase name="test4" time="0.001" classname="testsuite.Testcase2"/>
  <testcase name="test3" time="0.001" classname="testsuite.Testcase2"/>
</testsuite>
